Performing C++ SOURCE FILE Test CMAKE_HAVE_LIBC_PTHREAD failed with the following output:
Change Dir: /home/demouser/media/disk/_home_martin_datos_git_Facultad_IUA_Arqui2_cuarentena_proyectoASM/build/CMakeFiles/CMakeTmp

Run Build Command(s):/usr/bin/gmake cmTC_94d51/fast && gmake: Warning: File 'Makefile' has modification time 49782 s in the future
/usr/bin/gmake  -f CMakeFiles/cmTC_94d51.dir/build.make CMakeFiles/cmTC_94d51.dir/build
gmake[1]: Entering directory '/tmp/.x2go-demouser/media/disk/_home_martin_datos_git_Facultad_IUA_Arqui2_cuarentena_proyectoASM/build/CMakeFiles/CMakeTmp'
gmake[1]: Warning: File 'CMakeFiles/cmTC_94d51.dir/flags.make' has modification time 49782 s in the future
Building CXX object CMakeFiles/cmTC_94d51.dir/src.cxx.o
/usr/bin/c++    -DCMAKE_HAVE_LIBC_PTHREAD   -o CMakeFiles/cmTC_94d51.dir/src.cxx.o -c /home/demouser/media/disk/_home_martin_datos_git_Facultad_IUA_Arqui2_cuarentena_proyectoASM/build/CMakeFiles/CMakeTmp/src.cxx
Linking CXX executable cmTC_94d51
/usr/bin/cmake -E cmake_link_script CMakeFiles/cmTC_94d51.dir/link.txt --verbose=1
/usr/bin/c++   -DCMAKE_HAVE_LIBC_PTHREAD    CMakeFiles/cmTC_94d51.dir/src.cxx.o  -o cmTC_94d51 
/usr/lib/gcc/aarch64-unknown-linux-gnu/9.3.0/../../../../aarch64-unknown-linux-gnu/bin/ld: CMakeFiles/cmTC_94d51.dir/src.cxx.o: in function `main':
src.cxx:(.text+0x48): undefined reference to `pthread_create'
/usr/lib/gcc/aarch64-unknown-linux-gnu/9.3.0/../../../../aarch64-unknown-linux-gnu/bin/ld: src.cxx:(.text+0x50): undefined reference to `pthread_detach'
/usr/lib/gcc/aarch64-unknown-linux-gnu/9.3.0/../../../../aarch64-unknown-linux-gnu/bin/ld: src.cxx:(.text+0x58): undefined reference to `pthread_cancel'
/usr/lib/gcc/aarch64-unknown-linux-gnu/9.3.0/../../../../aarch64-unknown-linux-gnu/bin/ld: src.cxx:(.text+0x64): undefined reference to `pthread_join'
collect2: error: ld returned 1 exit status
gmake[1]: *** [CMakeFiles/cmTC_94d51.dir/build.make:107: cmTC_94d51] Error 1
gmake[1]: Leaving directory '/tmp/.x2go-demouser/media/disk/_home_martin_datos_git_Facultad_IUA_Arqui2_cuarentena_proyectoASM/build/CMakeFiles/CMakeTmp'
gmake: *** [Makefile:141: cmTC_94d51/fast] Error 2


Source file was:
#include <pthread.h>

void* test_func(void* data)
{
  return data;
}

int main(void)
{
  pthread_t thread;
  pthread_create(&thread, NULL, test_func, NULL);
  pthread_detach(thread);
  pthread_cancel(thread);
  pthread_join(thread, NULL);
  pthread_atfork(NULL, NULL, NULL);
  pthread_exit(NULL);

  return 0;
}

Determining if the function pthread_create exists in the pthreads failed with the following output:
Change Dir: /home/demouser/media/disk/_home_martin_datos_git_Facultad_IUA_Arqui2_cuarentena_proyectoASM/build/CMakeFiles/CMakeTmp

Run Build Command(s):/usr/bin/gmake cmTC_4cae2/fast && gmake: Warning: File 'Makefile' has modification time 49782 s in the future
/usr/bin/gmake  -f CMakeFiles/cmTC_4cae2.dir/build.make CMakeFiles/cmTC_4cae2.dir/build
gmake[1]: Entering directory '/tmp/.x2go-demouser/media/disk/_home_martin_datos_git_Facultad_IUA_Arqui2_cuarentena_proyectoASM/build/CMakeFiles/CMakeTmp'
gmake[1]: Warning: File 'CMakeFiles/cmTC_4cae2.dir/flags.make' has modification time 49782 s in the future
Building CXX object CMakeFiles/cmTC_4cae2.dir/CheckFunctionExists.cxx.o
/usr/bin/c++    -DCHECK_FUNCTION_EXISTS=pthread_create   -o CMakeFiles/cmTC_4cae2.dir/CheckFunctionExists.cxx.o -c /home/demouser/media/disk/_home_martin_datos_git_Facultad_IUA_Arqui2_cuarentena_proyectoASM/build/CMakeFiles/CheckLibraryExists/CheckFunctionExists.cxx
Linking CXX executable cmTC_4cae2
/usr/bin/cmake -E cmake_link_script CMakeFiles/cmTC_4cae2.dir/link.txt --verbose=1
/usr/bin/c++   -DCHECK_FUNCTION_EXISTS=pthread_create    CMakeFiles/cmTC_4cae2.dir/CheckFunctionExists.cxx.o  -o cmTC_4cae2  -lpthreads 
/usr/lib/gcc/aarch64-unknown-linux-gnu/9.3.0/../../../../aarch64-unknown-linux-gnu/bin/ld: cannot find -lpthreads
collect2: error: ld returned 1 exit status
gmake[1]: *** [CMakeFiles/cmTC_4cae2.dir/build.make:107: cmTC_4cae2] Error 1
gmake[1]: Leaving directory '/tmp/.x2go-demouser/media/disk/_home_martin_datos_git_Facultad_IUA_Arqui2_cuarentena_proyectoASM/build/CMakeFiles/CMakeTmp'
gmake: *** [Makefile:141: cmTC_4cae2/fast] Error 2



