The system is: Linux - 4.19.115-v8-748d8384cef4-p4-bis+ - aarch64
Compiling the CXX compiler identification source file "CMakeCXXCompilerId.cpp" succeeded.
Compiler: /usr/bin/c++ 
Build flags: 
Id flags:  

The output was:
0


Compilation of the CXX compiler identification source "CMakeCXXCompilerId.cpp" produced "a.out"

The CXX compiler identification is GNU, found in "/home/demouser/media/disk/_home_martin_datos_git_Facultad_IUA_Arqui2_cuarentena_proyectoASM/build/CMakeFiles/3.17.1/CompilerIdCXX/a.out"

Checking whether the ASM compiler is GNU using "--version" matched "(GNU assembler)|(GCC)|(Free Software Foundation)":
c++ (Gentoo 9.3.0 p2) 9.3.0
Copyright (C) 2019 Free Software Foundation, Inc.
This is free software; see the source for copying conditions.  There is NO
warranty; not even for MERCHANTABILITY or FITNESS FOR A PARTICULAR PURPOSE.

Determining if the CXX compiler works passed with the following output:
Change Dir: /home/demouser/media/disk/_home_martin_datos_git_Facultad_IUA_Arqui2_cuarentena_proyectoASM/build/CMakeFiles/CMakeTmp

Run Build Command(s):/usr/bin/gmake cmTC_de6d5/fast && gmake: Warning: File 'Makefile' has modification time 49781 s in the future
/usr/bin/gmake  -f CMakeFiles/cmTC_de6d5.dir/build.make CMakeFiles/cmTC_de6d5.dir/build
gmake[1]: Entering directory '/tmp/.x2go-demouser/media/disk/_home_martin_datos_git_Facultad_IUA_Arqui2_cuarentena_proyectoASM/build/CMakeFiles/CMakeTmp'
gmake[1]: Warning: File 'CMakeFiles/cmTC_de6d5.dir/flags.make' has modification time 49781 s in the future
Building CXX object CMakeFiles/cmTC_de6d5.dir/testCXXCompiler.cxx.o
/usr/bin/c++     -o CMakeFiles/cmTC_de6d5.dir/testCXXCompiler.cxx.o -c /home/demouser/media/disk/_home_martin_datos_git_Facultad_IUA_Arqui2_cuarentena_proyectoASM/build/CMakeFiles/CMakeTmp/testCXXCompiler.cxx
Linking CXX executable cmTC_de6d5
/usr/bin/cmake -E cmake_link_script CMakeFiles/cmTC_de6d5.dir/link.txt --verbose=1
/usr/bin/c++       CMakeFiles/cmTC_de6d5.dir/testCXXCompiler.cxx.o  -o cmTC_de6d5 
gmake[1]: warning:  Clock skew detected.  Your build may be incomplete.
gmake[1]: Leaving directory '/tmp/.x2go-demouser/media/disk/_home_martin_datos_git_Facultad_IUA_Arqui2_cuarentena_proyectoASM/build/CMakeFiles/CMakeTmp'
gmake: warning:  Clock skew detected.  Your build may be incomplete.



Detecting CXX compiler ABI info compiled with the following output:
Change Dir: /home/demouser/media/disk/_home_martin_datos_git_Facultad_IUA_Arqui2_cuarentena_proyectoASM/build/CMakeFiles/CMakeTmp

Run Build Command(s):/usr/bin/gmake cmTC_fb61c/fast && gmake: Warning: File 'Makefile' has modification time 49782 s in the future
/usr/bin/gmake  -f CMakeFiles/cmTC_fb61c.dir/build.make CMakeFiles/cmTC_fb61c.dir/build
gmake[1]: Entering directory '/tmp/.x2go-demouser/media/disk/_home_martin_datos_git_Facultad_IUA_Arqui2_cuarentena_proyectoASM/build/CMakeFiles/CMakeTmp'
gmake[1]: Warning: File 'CMakeFiles/cmTC_fb61c.dir/flags.make' has modification time 49782 s in the future
Building CXX object CMakeFiles/cmTC_fb61c.dir/CMakeCXXCompilerABI.cpp.o
/usr/bin/c++    -v -o CMakeFiles/cmTC_fb61c.dir/CMakeCXXCompilerABI.cpp.o -c /usr/share/cmake/Modules/CMakeCXXCompilerABI.cpp
Using built-in specs.
COLLECT_GCC=/usr/bin/c++
Target: aarch64-unknown-linux-gnu
Configured with: /var/tmp/portage/sys-devel/gcc-9.3.0/work/gcc-9.3.0/configure --host=aarch64-unknown-linux-gnu --build=aarch64-unknown-linux-gnu --prefix=/usr --bindir=/usr/aarch64-unknown-linux-gnu/gcc-bin/9.3.0 --includedir=/usr/lib/gcc/aarch64-unknown-linux-gnu/9.3.0/include --datadir=/usr/share/gcc-data/aarch64-unknown-linux-gnu/9.3.0 --mandir=/usr/share/gcc-data/aarch64-unknown-linux-gnu/9.3.0/man --infodir=/usr/share/gcc-data/aarch64-unknown-linux-gnu/9.3.0/info --with-gxx-include-dir=/usr/lib/gcc/aarch64-unknown-linux-gnu/9.3.0/include/g++-v9 --with-python-dir=/share/gcc-data/aarch64-unknown-linux-gnu/9.3.0/python --enable-languages=c,c++,fortran --enable-obsolete --enable-secureplt --disable-werror --with-system-zlib --enable-nls --without-included-gettext --enable-checking=release --with-bugurl=https://bugs.gentoo.org/ --with-pkgversion='Gentoo 9.3.0 p2' --disable-esp --enable-libstdcxx-time --enable-shared --enable-threads=posix --enable-__cxa_atexit --enable-clocale=gnu --disable-multilib --disable-altivec --disable-fixed-point --enable-libgomp --disable-libmudflap --disable-libssp --disable-libada --disable-systemtap --enable-vtable-verify --enable-lto --without-isl --disable-libsanitizer --enable-default-pie --enable-default-ssp
Thread model: posix
gcc version 9.3.0 (Gentoo 9.3.0 p2) 
COLLECT_GCC_OPTIONS='-v' '-o' 'CMakeFiles/cmTC_fb61c.dir/CMakeCXXCompilerABI.cpp.o' '-c' '-shared-libgcc' '-mlittle-endian' '-mabi=lp64'
 /usr/libexec/gcc/aarch64-unknown-linux-gnu/9.3.0/cc1plus -quiet -v -D_GNU_SOURCE /usr/share/cmake/Modules/CMakeCXXCompilerABI.cpp -quiet -dumpbase CMakeCXXCompilerABI.cpp -mlittle-endian -mabi=lp64 -auxbase-strip CMakeFiles/cmTC_fb61c.dir/CMakeCXXCompilerABI.cpp.o -version -o /tmp/ccNCcI2U.s
GNU C++14 (Gentoo 9.3.0 p2) version 9.3.0 (aarch64-unknown-linux-gnu)
	compiled by GNU C version 9.3.0, GMP version 6.2.0, MPFR version 4.0.2, MPC version 1.1.0, isl version none
GGC heuristics: --param ggc-min-expand=100 --param ggc-min-heapsize=131072
ignoring nonexistent directory "/usr/local/include"
ignoring nonexistent directory "/usr/lib/gcc/aarch64-unknown-linux-gnu/9.3.0/../../../../aarch64-unknown-linux-gnu/include"
#include "..." search starts here:
#include <...> search starts here:
 /usr/lib/gcc/aarch64-unknown-linux-gnu/9.3.0/include/g++-v9
 /usr/lib/gcc/aarch64-unknown-linux-gnu/9.3.0/include/g++-v9/aarch64-unknown-linux-gnu
 /usr/lib/gcc/aarch64-unknown-linux-gnu/9.3.0/include/g++-v9/backward
 /usr/lib/gcc/aarch64-unknown-linux-gnu/9.3.0/include
 /usr/lib/gcc/aarch64-unknown-linux-gnu/9.3.0/include-fixed
 /usr/include
End of search list.
GNU C++14 (Gentoo 9.3.0 p2) version 9.3.0 (aarch64-unknown-linux-gnu)
	compiled by GNU C version 9.3.0, GMP version 6.2.0, MPFR version 4.0.2, MPC version 1.1.0, isl version none
GGC heuristics: --param ggc-min-expand=100 --param ggc-min-heapsize=131072
Compiler executable checksum: cccad85ba6c25676dc3e92e53c010499
COLLECT_GCC_OPTIONS='-v' '-o' 'CMakeFiles/cmTC_fb61c.dir/CMakeCXXCompilerABI.cpp.o' '-c' '-shared-libgcc' '-mlittle-endian' '-mabi=lp64'
 /usr/lib/gcc/aarch64-unknown-linux-gnu/9.3.0/../../../../aarch64-unknown-linux-gnu/bin/as -v -EL -mabi=lp64 -o CMakeFiles/cmTC_fb61c.dir/CMakeCXXCompilerABI.cpp.o /tmp/ccNCcI2U.s
GNU assembler version 2.34.0 (aarch64-unknown-linux-gnu) using BFD version (Gentoo 2.34 p1) 2.34.0
COMPILER_PATH=/usr/libexec/gcc/aarch64-unknown-linux-gnu/9.3.0/:/usr/libexec/gcc/aarch64-unknown-linux-gnu/9.3.0/:/usr/libexec/gcc/aarch64-unknown-linux-gnu/:/usr/lib/gcc/aarch64-unknown-linux-gnu/9.3.0/:/usr/lib/gcc/aarch64-unknown-linux-gnu/:/usr/lib/gcc/aarch64-unknown-linux-gnu/9.3.0/../../../../aarch64-unknown-linux-gnu/bin/
LIBRARY_PATH=/usr/lib/gcc/aarch64-unknown-linux-gnu/9.3.0/:/usr/lib/gcc/aarch64-unknown-linux-gnu/9.3.0/../../../../lib64/:/lib/../lib64/:/usr/lib/../lib64/:/usr/lib/gcc/aarch64-unknown-linux-gnu/9.3.0/../../../../aarch64-unknown-linux-gnu/lib/:/usr/lib/gcc/aarch64-unknown-linux-gnu/9.3.0/../../../:/lib/:/usr/lib/
COLLECT_GCC_OPTIONS='-v' '-o' 'CMakeFiles/cmTC_fb61c.dir/CMakeCXXCompilerABI.cpp.o' '-c' '-shared-libgcc' '-mlittle-endian' '-mabi=lp64'
Linking CXX executable cmTC_fb61c
/usr/bin/cmake -E cmake_link_script CMakeFiles/cmTC_fb61c.dir/link.txt --verbose=1
/usr/bin/c++      -v CMakeFiles/cmTC_fb61c.dir/CMakeCXXCompilerABI.cpp.o  -o cmTC_fb61c 
Using built-in specs.
COLLECT_GCC=/usr/bin/c++
COLLECT_LTO_WRAPPER=/usr/libexec/gcc/aarch64-unknown-linux-gnu/9.3.0/lto-wrapper
Target: aarch64-unknown-linux-gnu
Configured with: /var/tmp/portage/sys-devel/gcc-9.3.0/work/gcc-9.3.0/configure --host=aarch64-unknown-linux-gnu --build=aarch64-unknown-linux-gnu --prefix=/usr --bindir=/usr/aarch64-unknown-linux-gnu/gcc-bin/9.3.0 --includedir=/usr/lib/gcc/aarch64-unknown-linux-gnu/9.3.0/include --datadir=/usr/share/gcc-data/aarch64-unknown-linux-gnu/9.3.0 --mandir=/usr/share/gcc-data/aarch64-unknown-linux-gnu/9.3.0/man --infodir=/usr/share/gcc-data/aarch64-unknown-linux-gnu/9.3.0/info --with-gxx-include-dir=/usr/lib/gcc/aarch64-unknown-linux-gnu/9.3.0/include/g++-v9 --with-python-dir=/share/gcc-data/aarch64-unknown-linux-gnu/9.3.0/python --enable-languages=c,c++,fortran --enable-obsolete --enable-secureplt --disable-werror --with-system-zlib --enable-nls --without-included-gettext --enable-checking=release --with-bugurl=https://bugs.gentoo.org/ --with-pkgversion='Gentoo 9.3.0 p2' --disable-esp --enable-libstdcxx-time --enable-shared --enable-threads=posix --enable-__cxa_atexit --enable-clocale=gnu --disable-multilib --disable-altivec --disable-fixed-point --enable-libgomp --disable-libmudflap --disable-libssp --disable-libada --disable-systemtap --enable-vtable-verify --enable-lto --without-isl --disable-libsanitizer --enable-default-pie --enable-default-ssp
Thread model: posix
gcc version 9.3.0 (Gentoo 9.3.0 p2) 
COMPILER_PATH=/usr/libexec/gcc/aarch64-unknown-linux-gnu/9.3.0/:/usr/libexec/gcc/aarch64-unknown-linux-gnu/9.3.0/:/usr/libexec/gcc/aarch64-unknown-linux-gnu/:/usr/lib/gcc/aarch64-unknown-linux-gnu/9.3.0/:/usr/lib/gcc/aarch64-unknown-linux-gnu/:/usr/lib/gcc/aarch64-unknown-linux-gnu/9.3.0/../../../../aarch64-unknown-linux-gnu/bin/
LIBRARY_PATH=/usr/lib/gcc/aarch64-unknown-linux-gnu/9.3.0/:/usr/lib/gcc/aarch64-unknown-linux-gnu/9.3.0/../../../../lib64/:/lib/../lib64/:/usr/lib/../lib64/:/usr/lib/gcc/aarch64-unknown-linux-gnu/9.3.0/../../../../aarch64-unknown-linux-gnu/lib/:/usr/lib/gcc/aarch64-unknown-linux-gnu/9.3.0/../../../:/lib/:/usr/lib/
COLLECT_GCC_OPTIONS='-v' '-o' 'cmTC_fb61c' '-shared-libgcc' '-mlittle-endian' '-mabi=lp64'
 /usr/libexec/gcc/aarch64-unknown-linux-gnu/9.3.0/collect2 -plugin /usr/libexec/gcc/aarch64-unknown-linux-gnu/9.3.0/liblto_plugin.so -plugin-opt=/usr/libexec/gcc/aarch64-unknown-linux-gnu/9.3.0/lto-wrapper -plugin-opt=-fresolution=/tmp/ccQDsNBl.res -plugin-opt=-pass-through=-lgcc_s -plugin-opt=-pass-through=-lgcc -plugin-opt=-pass-through=-lc -plugin-opt=-pass-through=-lgcc_s -plugin-opt=-pass-through=-lgcc --eh-frame-hdr -dynamic-linker /lib/ld-linux-aarch64.so.1 -X -EL -maarch64linux -pie -o cmTC_fb61c /usr/lib/gcc/aarch64-unknown-linux-gnu/9.3.0/../../../../lib64/Scrt1.o /usr/lib/gcc/aarch64-unknown-linux-gnu/9.3.0/../../../../lib64/crti.o /usr/lib/gcc/aarch64-unknown-linux-gnu/9.3.0/crtbeginS.o -L/usr/lib/gcc/aarch64-unknown-linux-gnu/9.3.0 -L/usr/lib/gcc/aarch64-unknown-linux-gnu/9.3.0/../../../../lib64 -L/lib/../lib64 -L/usr/lib/../lib64 -L/usr/lib/gcc/aarch64-unknown-linux-gnu/9.3.0/../../../../aarch64-unknown-linux-gnu/lib -L/usr/lib/gcc/aarch64-unknown-linux-gnu/9.3.0/../../.. CMakeFiles/cmTC_fb61c.dir/CMakeCXXCompilerABI.cpp.o -lstdc++ -lm -lgcc_s -lgcc -lc -lgcc_s -lgcc /usr/lib/gcc/aarch64-unknown-linux-gnu/9.3.0/crtendS.o /usr/lib/gcc/aarch64-unknown-linux-gnu/9.3.0/../../../../lib64/crtn.o
COLLECT_GCC_OPTIONS='-v' '-o' 'cmTC_fb61c' '-shared-libgcc' '-mlittle-endian' '-mabi=lp64'
gmake[1]: warning:  Clock skew detected.  Your build may be incomplete.
gmake[1]: Leaving directory '/tmp/.x2go-demouser/media/disk/_home_martin_datos_git_Facultad_IUA_Arqui2_cuarentena_proyectoASM/build/CMakeFiles/CMakeTmp'
gmake: warning:  Clock skew detected.  Your build may be incomplete.



Parsed CXX implicit include dir info from above output: rv=done
  found start of include info
  found start of implicit include info
    add: [/usr/lib/gcc/aarch64-unknown-linux-gnu/9.3.0/include/g++-v9]
    add: [/usr/lib/gcc/aarch64-unknown-linux-gnu/9.3.0/include/g++-v9/aarch64-unknown-linux-gnu]
    add: [/usr/lib/gcc/aarch64-unknown-linux-gnu/9.3.0/include/g++-v9/backward]
    add: [/usr/lib/gcc/aarch64-unknown-linux-gnu/9.3.0/include]
    add: [/usr/lib/gcc/aarch64-unknown-linux-gnu/9.3.0/include-fixed]
    add: [/usr/include]
  end of search list found
  collapse include dir [/usr/lib/gcc/aarch64-unknown-linux-gnu/9.3.0/include/g++-v9] ==> [/usr/lib/gcc/aarch64-unknown-linux-gnu/9.3.0/include/g++-v9]
  collapse include dir [/usr/lib/gcc/aarch64-unknown-linux-gnu/9.3.0/include/g++-v9/aarch64-unknown-linux-gnu] ==> [/usr/lib/gcc/aarch64-unknown-linux-gnu/9.3.0/include/g++-v9/aarch64-unknown-linux-gnu]
  collapse include dir [/usr/lib/gcc/aarch64-unknown-linux-gnu/9.3.0/include/g++-v9/backward] ==> [/usr/lib/gcc/aarch64-unknown-linux-gnu/9.3.0/include/g++-v9/backward]
  collapse include dir [/usr/lib/gcc/aarch64-unknown-linux-gnu/9.3.0/include] ==> [/usr/lib/gcc/aarch64-unknown-linux-gnu/9.3.0/include]
  collapse include dir [/usr/lib/gcc/aarch64-unknown-linux-gnu/9.3.0/include-fixed] ==> [/usr/lib/gcc/aarch64-unknown-linux-gnu/9.3.0/include-fixed]
  collapse include dir [/usr/include] ==> [/usr/include]
  implicit include dirs: [/usr/lib/gcc/aarch64-unknown-linux-gnu/9.3.0/include/g++-v9;/usr/lib/gcc/aarch64-unknown-linux-gnu/9.3.0/include/g++-v9/aarch64-unknown-linux-gnu;/usr/lib/gcc/aarch64-unknown-linux-gnu/9.3.0/include/g++-v9/backward;/usr/lib/gcc/aarch64-unknown-linux-gnu/9.3.0/include;/usr/lib/gcc/aarch64-unknown-linux-gnu/9.3.0/include-fixed;/usr/include]


Parsed CXX implicit link information from above output:
  link line regex: [^( *|.*[/\])(ld|CMAKE_LINK_STARTFILE-NOTFOUND|([^/\]+-)?ld|collect2)[^/\]*( |$)]
  ignore line: [Change Dir: /home/demouser/media/disk/_home_martin_datos_git_Facultad_IUA_Arqui2_cuarentena_proyectoASM/build/CMakeFiles/CMakeTmp]
  ignore line: []
  ignore line: [Run Build Command(s):/usr/bin/gmake cmTC_fb61c/fast && gmake: Warning: File 'Makefile' has modification time 49782 s in the future]
  ignore line: [/usr/bin/gmake  -f CMakeFiles/cmTC_fb61c.dir/build.make CMakeFiles/cmTC_fb61c.dir/build]
  ignore line: [gmake[1]: Entering directory '/tmp/.x2go-demouser/media/disk/_home_martin_datos_git_Facultad_IUA_Arqui2_cuarentena_proyectoASM/build/CMakeFiles/CMakeTmp']
  ignore line: [gmake[1]: Warning: File 'CMakeFiles/cmTC_fb61c.dir/flags.make' has modification time 49782 s in the future]
  ignore line: [Building CXX object CMakeFiles/cmTC_fb61c.dir/CMakeCXXCompilerABI.cpp.o]
  ignore line: [/usr/bin/c++    -v -o CMakeFiles/cmTC_fb61c.dir/CMakeCXXCompilerABI.cpp.o -c /usr/share/cmake/Modules/CMakeCXXCompilerABI.cpp]
  ignore line: [Using built-in specs.]
  ignore line: [COLLECT_GCC=/usr/bin/c++]
  ignore line: [Target: aarch64-unknown-linux-gnu]
  ignore line: [Configured with: /var/tmp/portage/sys-devel/gcc-9.3.0/work/gcc-9.3.0/configure --host=aarch64-unknown-linux-gnu --build=aarch64-unknown-linux-gnu --prefix=/usr --bindir=/usr/aarch64-unknown-linux-gnu/gcc-bin/9.3.0 --includedir=/usr/lib/gcc/aarch64-unknown-linux-gnu/9.3.0/include --datadir=/usr/share/gcc-data/aarch64-unknown-linux-gnu/9.3.0 --mandir=/usr/share/gcc-data/aarch64-unknown-linux-gnu/9.3.0/man --infodir=/usr/share/gcc-data/aarch64-unknown-linux-gnu/9.3.0/info --with-gxx-include-dir=/usr/lib/gcc/aarch64-unknown-linux-gnu/9.3.0/include/g++-v9 --with-python-dir=/share/gcc-data/aarch64-unknown-linux-gnu/9.3.0/python --enable-languages=c c++ fortran --enable-obsolete --enable-secureplt --disable-werror --with-system-zlib --enable-nls --without-included-gettext --enable-checking=release --with-bugurl=https://bugs.gentoo.org/ --with-pkgversion='Gentoo 9.3.0 p2' --disable-esp --enable-libstdcxx-time --enable-shared --enable-threads=posix --enable-__cxa_atexit --enable-clocale=gnu --disable-multilib --disable-altivec --disable-fixed-point --enable-libgomp --disable-libmudflap --disable-libssp --disable-libada --disable-systemtap --enable-vtable-verify --enable-lto --without-isl --disable-libsanitizer --enable-default-pie --enable-default-ssp]
  ignore line: [Thread model: posix]
  ignore line: [gcc version 9.3.0 (Gentoo 9.3.0 p2) ]
  ignore line: [COLLECT_GCC_OPTIONS='-v' '-o' 'CMakeFiles/cmTC_fb61c.dir/CMakeCXXCompilerABI.cpp.o' '-c' '-shared-libgcc' '-mlittle-endian' '-mabi=lp64']
  ignore line: [ /usr/libexec/gcc/aarch64-unknown-linux-gnu/9.3.0/cc1plus -quiet -v -D_GNU_SOURCE /usr/share/cmake/Modules/CMakeCXXCompilerABI.cpp -quiet -dumpbase CMakeCXXCompilerABI.cpp -mlittle-endian -mabi=lp64 -auxbase-strip CMakeFiles/cmTC_fb61c.dir/CMakeCXXCompilerABI.cpp.o -version -o /tmp/ccNCcI2U.s]
  ignore line: [GNU C++14 (Gentoo 9.3.0 p2) version 9.3.0 (aarch64-unknown-linux-gnu)]
  ignore line: [	compiled by GNU C version 9.3.0  GMP version 6.2.0  MPFR version 4.0.2  MPC version 1.1.0  isl version none]
  ignore line: [GGC heuristics: --param ggc-min-expand=100 --param ggc-min-heapsize=131072]
  ignore line: [ignoring nonexistent directory "/usr/local/include"]
  ignore line: [ignoring nonexistent directory "/usr/lib/gcc/aarch64-unknown-linux-gnu/9.3.0/../../../../aarch64-unknown-linux-gnu/include"]
  ignore line: [#include "..." search starts here:]
  ignore line: [#include <...> search starts here:]
  ignore line: [ /usr/lib/gcc/aarch64-unknown-linux-gnu/9.3.0/include/g++-v9]
  ignore line: [ /usr/lib/gcc/aarch64-unknown-linux-gnu/9.3.0/include/g++-v9/aarch64-unknown-linux-gnu]
  ignore line: [ /usr/lib/gcc/aarch64-unknown-linux-gnu/9.3.0/include/g++-v9/backward]
  ignore line: [ /usr/lib/gcc/aarch64-unknown-linux-gnu/9.3.0/include]
  ignore line: [ /usr/lib/gcc/aarch64-unknown-linux-gnu/9.3.0/include-fixed]
  ignore line: [ /usr/include]
  ignore line: [End of search list.]
  ignore line: [GNU C++14 (Gentoo 9.3.0 p2) version 9.3.0 (aarch64-unknown-linux-gnu)]
  ignore line: [	compiled by GNU C version 9.3.0  GMP version 6.2.0  MPFR version 4.0.2  MPC version 1.1.0  isl version none]
  ignore line: [GGC heuristics: --param ggc-min-expand=100 --param ggc-min-heapsize=131072]
  ignore line: [Compiler executable checksum: cccad85ba6c25676dc3e92e53c010499]
  ignore line: [COLLECT_GCC_OPTIONS='-v' '-o' 'CMakeFiles/cmTC_fb61c.dir/CMakeCXXCompilerABI.cpp.o' '-c' '-shared-libgcc' '-mlittle-endian' '-mabi=lp64']
  ignore line: [ /usr/lib/gcc/aarch64-unknown-linux-gnu/9.3.0/../../../../aarch64-unknown-linux-gnu/bin/as -v -EL -mabi=lp64 -o CMakeFiles/cmTC_fb61c.dir/CMakeCXXCompilerABI.cpp.o /tmp/ccNCcI2U.s]
  ignore line: [GNU assembler version 2.34.0 (aarch64-unknown-linux-gnu) using BFD version (Gentoo 2.34 p1) 2.34.0]
  ignore line: [COMPILER_PATH=/usr/libexec/gcc/aarch64-unknown-linux-gnu/9.3.0/:/usr/libexec/gcc/aarch64-unknown-linux-gnu/9.3.0/:/usr/libexec/gcc/aarch64-unknown-linux-gnu/:/usr/lib/gcc/aarch64-unknown-linux-gnu/9.3.0/:/usr/lib/gcc/aarch64-unknown-linux-gnu/:/usr/lib/gcc/aarch64-unknown-linux-gnu/9.3.0/../../../../aarch64-unknown-linux-gnu/bin/]
  ignore line: [LIBRARY_PATH=/usr/lib/gcc/aarch64-unknown-linux-gnu/9.3.0/:/usr/lib/gcc/aarch64-unknown-linux-gnu/9.3.0/../../../../lib64/:/lib/../lib64/:/usr/lib/../lib64/:/usr/lib/gcc/aarch64-unknown-linux-gnu/9.3.0/../../../../aarch64-unknown-linux-gnu/lib/:/usr/lib/gcc/aarch64-unknown-linux-gnu/9.3.0/../../../:/lib/:/usr/lib/]
  ignore line: [COLLECT_GCC_OPTIONS='-v' '-o' 'CMakeFiles/cmTC_fb61c.dir/CMakeCXXCompilerABI.cpp.o' '-c' '-shared-libgcc' '-mlittle-endian' '-mabi=lp64']
  ignore line: [Linking CXX executable cmTC_fb61c]
  ignore line: [/usr/bin/cmake -E cmake_link_script CMakeFiles/cmTC_fb61c.dir/link.txt --verbose=1]
  ignore line: [/usr/bin/c++      -v CMakeFiles/cmTC_fb61c.dir/CMakeCXXCompilerABI.cpp.o  -o cmTC_fb61c ]
  ignore line: [Using built-in specs.]
  ignore line: [COLLECT_GCC=/usr/bin/c++]
  ignore line: [COLLECT_LTO_WRAPPER=/usr/libexec/gcc/aarch64-unknown-linux-gnu/9.3.0/lto-wrapper]
  ignore line: [Target: aarch64-unknown-linux-gnu]
  ignore line: [Configured with: /var/tmp/portage/sys-devel/gcc-9.3.0/work/gcc-9.3.0/configure --host=aarch64-unknown-linux-gnu --build=aarch64-unknown-linux-gnu --prefix=/usr --bindir=/usr/aarch64-unknown-linux-gnu/gcc-bin/9.3.0 --includedir=/usr/lib/gcc/aarch64-unknown-linux-gnu/9.3.0/include --datadir=/usr/share/gcc-data/aarch64-unknown-linux-gnu/9.3.0 --mandir=/usr/share/gcc-data/aarch64-unknown-linux-gnu/9.3.0/man --infodir=/usr/share/gcc-data/aarch64-unknown-linux-gnu/9.3.0/info --with-gxx-include-dir=/usr/lib/gcc/aarch64-unknown-linux-gnu/9.3.0/include/g++-v9 --with-python-dir=/share/gcc-data/aarch64-unknown-linux-gnu/9.3.0/python --enable-languages=c c++ fortran --enable-obsolete --enable-secureplt --disable-werror --with-system-zlib --enable-nls --without-included-gettext --enable-checking=release --with-bugurl=https://bugs.gentoo.org/ --with-pkgversion='Gentoo 9.3.0 p2' --disable-esp --enable-libstdcxx-time --enable-shared --enable-threads=posix --enable-__cxa_atexit --enable-clocale=gnu --disable-multilib --disable-altivec --disable-fixed-point --enable-libgomp --disable-libmudflap --disable-libssp --disable-libada --disable-systemtap --enable-vtable-verify --enable-lto --without-isl --disable-libsanitizer --enable-default-pie --enable-default-ssp]
  ignore line: [Thread model: posix]
  ignore line: [gcc version 9.3.0 (Gentoo 9.3.0 p2) ]
  ignore line: [COMPILER_PATH=/usr/libexec/gcc/aarch64-unknown-linux-gnu/9.3.0/:/usr/libexec/gcc/aarch64-unknown-linux-gnu/9.3.0/:/usr/libexec/gcc/aarch64-unknown-linux-gnu/:/usr/lib/gcc/aarch64-unknown-linux-gnu/9.3.0/:/usr/lib/gcc/aarch64-unknown-linux-gnu/:/usr/lib/gcc/aarch64-unknown-linux-gnu/9.3.0/../../../../aarch64-unknown-linux-gnu/bin/]
  ignore line: [LIBRARY_PATH=/usr/lib/gcc/aarch64-unknown-linux-gnu/9.3.0/:/usr/lib/gcc/aarch64-unknown-linux-gnu/9.3.0/../../../../lib64/:/lib/../lib64/:/usr/lib/../lib64/:/usr/lib/gcc/aarch64-unknown-linux-gnu/9.3.0/../../../../aarch64-unknown-linux-gnu/lib/:/usr/lib/gcc/aarch64-unknown-linux-gnu/9.3.0/../../../:/lib/:/usr/lib/]
  ignore line: [COLLECT_GCC_OPTIONS='-v' '-o' 'cmTC_fb61c' '-shared-libgcc' '-mlittle-endian' '-mabi=lp64']
  link line: [ /usr/libexec/gcc/aarch64-unknown-linux-gnu/9.3.0/collect2 -plugin /usr/libexec/gcc/aarch64-unknown-linux-gnu/9.3.0/liblto_plugin.so -plugin-opt=/usr/libexec/gcc/aarch64-unknown-linux-gnu/9.3.0/lto-wrapper -plugin-opt=-fresolution=/tmp/ccQDsNBl.res -plugin-opt=-pass-through=-lgcc_s -plugin-opt=-pass-through=-lgcc -plugin-opt=-pass-through=-lc -plugin-opt=-pass-through=-lgcc_s -plugin-opt=-pass-through=-lgcc --eh-frame-hdr -dynamic-linker /lib/ld-linux-aarch64.so.1 -X -EL -maarch64linux -pie -o cmTC_fb61c /usr/lib/gcc/aarch64-unknown-linux-gnu/9.3.0/../../../../lib64/Scrt1.o /usr/lib/gcc/aarch64-unknown-linux-gnu/9.3.0/../../../../lib64/crti.o /usr/lib/gcc/aarch64-unknown-linux-gnu/9.3.0/crtbeginS.o -L/usr/lib/gcc/aarch64-unknown-linux-gnu/9.3.0 -L/usr/lib/gcc/aarch64-unknown-linux-gnu/9.3.0/../../../../lib64 -L/lib/../lib64 -L/usr/lib/../lib64 -L/usr/lib/gcc/aarch64-unknown-linux-gnu/9.3.0/../../../../aarch64-unknown-linux-gnu/lib -L/usr/lib/gcc/aarch64-unknown-linux-gnu/9.3.0/../../.. CMakeFiles/cmTC_fb61c.dir/CMakeCXXCompilerABI.cpp.o -lstdc++ -lm -lgcc_s -lgcc -lc -lgcc_s -lgcc /usr/lib/gcc/aarch64-unknown-linux-gnu/9.3.0/crtendS.o /usr/lib/gcc/aarch64-unknown-linux-gnu/9.3.0/../../../../lib64/crtn.o]
    arg [/usr/libexec/gcc/aarch64-unknown-linux-gnu/9.3.0/collect2] ==> ignore
    arg [-plugin] ==> ignore
    arg [/usr/libexec/gcc/aarch64-unknown-linux-gnu/9.3.0/liblto_plugin.so] ==> ignore
    arg [-plugin-opt=/usr/libexec/gcc/aarch64-unknown-linux-gnu/9.3.0/lto-wrapper] ==> ignore
    arg [-plugin-opt=-fresolution=/tmp/ccQDsNBl.res] ==> ignore
    arg [-plugin-opt=-pass-through=-lgcc_s] ==> ignore
    arg [-plugin-opt=-pass-through=-lgcc] ==> ignore
    arg [-plugin-opt=-pass-through=-lc] ==> ignore
    arg [-plugin-opt=-pass-through=-lgcc_s] ==> ignore
    arg [-plugin-opt=-pass-through=-lgcc] ==> ignore
    arg [--eh-frame-hdr] ==> ignore
    arg [-dynamic-linker] ==> ignore
    arg [/lib/ld-linux-aarch64.so.1] ==> ignore
    arg [-X] ==> ignore
    arg [-EL] ==> ignore
    arg [-maarch64linux] ==> ignore
    arg [-pie] ==> ignore
    arg [-o] ==> ignore
    arg [cmTC_fb61c] ==> ignore
    arg [/usr/lib/gcc/aarch64-unknown-linux-gnu/9.3.0/../../../../lib64/Scrt1.o] ==> ignore
    arg [/usr/lib/gcc/aarch64-unknown-linux-gnu/9.3.0/../../../../lib64/crti.o] ==> ignore
    arg [/usr/lib/gcc/aarch64-unknown-linux-gnu/9.3.0/crtbeginS.o] ==> ignore
    arg [-L/usr/lib/gcc/aarch64-unknown-linux-gnu/9.3.0] ==> dir [/usr/lib/gcc/aarch64-unknown-linux-gnu/9.3.0]
    arg [-L/usr/lib/gcc/aarch64-unknown-linux-gnu/9.3.0/../../../../lib64] ==> dir [/usr/lib/gcc/aarch64-unknown-linux-gnu/9.3.0/../../../../lib64]
    arg [-L/lib/../lib64] ==> dir [/lib/../lib64]
    arg [-L/usr/lib/../lib64] ==> dir [/usr/lib/../lib64]
    arg [-L/usr/lib/gcc/aarch64-unknown-linux-gnu/9.3.0/../../../../aarch64-unknown-linux-gnu/lib] ==> dir [/usr/lib/gcc/aarch64-unknown-linux-gnu/9.3.0/../../../../aarch64-unknown-linux-gnu/lib]
    arg [-L/usr/lib/gcc/aarch64-unknown-linux-gnu/9.3.0/../../..] ==> dir [/usr/lib/gcc/aarch64-unknown-linux-gnu/9.3.0/../../..]
    arg [CMakeFiles/cmTC_fb61c.dir/CMakeCXXCompilerABI.cpp.o] ==> ignore
    arg [-lstdc++] ==> lib [stdc++]
    arg [-lm] ==> lib [m]
    arg [-lgcc_s] ==> lib [gcc_s]
    arg [-lgcc] ==> lib [gcc]
    arg [-lc] ==> lib [c]
    arg [-lgcc_s] ==> lib [gcc_s]
    arg [-lgcc] ==> lib [gcc]
    arg [/usr/lib/gcc/aarch64-unknown-linux-gnu/9.3.0/crtendS.o] ==> ignore
    arg [/usr/lib/gcc/aarch64-unknown-linux-gnu/9.3.0/../../../../lib64/crtn.o] ==> ignore
  collapse library dir [/usr/lib/gcc/aarch64-unknown-linux-gnu/9.3.0] ==> [/usr/lib/gcc/aarch64-unknown-linux-gnu/9.3.0]
  collapse library dir [/usr/lib/gcc/aarch64-unknown-linux-gnu/9.3.0/../../../../lib64] ==> [/usr/lib64]
  collapse library dir [/lib/../lib64] ==> [/lib64]
  collapse library dir [/usr/lib/../lib64] ==> [/usr/lib64]
  collapse library dir [/usr/lib/gcc/aarch64-unknown-linux-gnu/9.3.0/../../../../aarch64-unknown-linux-gnu/lib] ==> [/usr/aarch64-unknown-linux-gnu/lib]
  collapse library dir [/usr/lib/gcc/aarch64-unknown-linux-gnu/9.3.0/../../..] ==> [/usr/lib]
  implicit libs: [stdc++;m;gcc_s;gcc;c;gcc_s;gcc]
  implicit dirs: [/usr/lib/gcc/aarch64-unknown-linux-gnu/9.3.0;/usr/lib64;/lib64;/usr/aarch64-unknown-linux-gnu/lib;/usr/lib]
  implicit fwks: []


Determining if the include file pthread.h exists passed with the following output:
Change Dir: /home/demouser/media/disk/_home_martin_datos_git_Facultad_IUA_Arqui2_cuarentena_proyectoASM/build/CMakeFiles/CMakeTmp

Run Build Command(s):/usr/bin/gmake cmTC_46a56/fast && gmake: Warning: File 'Makefile' has modification time 49781 s in the future
/usr/bin/gmake  -f CMakeFiles/cmTC_46a56.dir/build.make CMakeFiles/cmTC_46a56.dir/build
gmake[1]: Entering directory '/tmp/.x2go-demouser/media/disk/_home_martin_datos_git_Facultad_IUA_Arqui2_cuarentena_proyectoASM/build/CMakeFiles/CMakeTmp'
gmake[1]: Warning: File 'CMakeFiles/cmTC_46a56.dir/flags.make' has modification time 49781 s in the future
Building CXX object CMakeFiles/cmTC_46a56.dir/CheckIncludeFile.cxx.o
/usr/bin/c++     -o CMakeFiles/cmTC_46a56.dir/CheckIncludeFile.cxx.o -c /home/demouser/media/disk/_home_martin_datos_git_Facultad_IUA_Arqui2_cuarentena_proyectoASM/build/CMakeFiles/CMakeTmp/CheckIncludeFile.cxx
Linking CXX executable cmTC_46a56
/usr/bin/cmake -E cmake_link_script CMakeFiles/cmTC_46a56.dir/link.txt --verbose=1
/usr/bin/c++       CMakeFiles/cmTC_46a56.dir/CheckIncludeFile.cxx.o  -o cmTC_46a56 
gmake[1]: warning:  Clock skew detected.  Your build may be incomplete.
gmake[1]: Leaving directory '/tmp/.x2go-demouser/media/disk/_home_martin_datos_git_Facultad_IUA_Arqui2_cuarentena_proyectoASM/build/CMakeFiles/CMakeTmp'
gmake: warning:  Clock skew detected.  Your build may be incomplete.



Determining if the function pthread_create exists in the pthread passed with the following output:
Change Dir: /home/demouser/media/disk/_home_martin_datos_git_Facultad_IUA_Arqui2_cuarentena_proyectoASM/build/CMakeFiles/CMakeTmp

Run Build Command(s):/usr/bin/gmake cmTC_ef21c/fast && gmake: Warning: File 'Makefile' has modification time 49782 s in the future
/usr/bin/gmake  -f CMakeFiles/cmTC_ef21c.dir/build.make CMakeFiles/cmTC_ef21c.dir/build
gmake[1]: Entering directory '/tmp/.x2go-demouser/media/disk/_home_martin_datos_git_Facultad_IUA_Arqui2_cuarentena_proyectoASM/build/CMakeFiles/CMakeTmp'
gmake[1]: Warning: File 'CMakeFiles/cmTC_ef21c.dir/flags.make' has modification time 49782 s in the future
Building CXX object CMakeFiles/cmTC_ef21c.dir/CheckFunctionExists.cxx.o
/usr/bin/c++    -DCHECK_FUNCTION_EXISTS=pthread_create   -o CMakeFiles/cmTC_ef21c.dir/CheckFunctionExists.cxx.o -c /home/demouser/media/disk/_home_martin_datos_git_Facultad_IUA_Arqui2_cuarentena_proyectoASM/build/CMakeFiles/CheckLibraryExists/CheckFunctionExists.cxx
Linking CXX executable cmTC_ef21c
/usr/bin/cmake -E cmake_link_script CMakeFiles/cmTC_ef21c.dir/link.txt --verbose=1
/usr/bin/c++   -DCHECK_FUNCTION_EXISTS=pthread_create    CMakeFiles/cmTC_ef21c.dir/CheckFunctionExists.cxx.o  -o cmTC_ef21c  -lpthread 
gmake[1]: warning:  Clock skew detected.  Your build may be incomplete.
gmake[1]: Leaving directory '/tmp/.x2go-demouser/media/disk/_home_martin_datos_git_Facultad_IUA_Arqui2_cuarentena_proyectoASM/build/CMakeFiles/CMakeTmp'
gmake: warning:  Clock skew detected.  Your build may be incomplete.



